build/app/outputs/mapping/release/seeds.txt
com.cterp.cterp.MainActivity
com.cterp.cterp.MainActivity: MainActivity()
...
io.flutter.embedding.engine.mutatorsstack.FlutterMutatorsStack: java.util.List getMutators()
org.chromium.support_lib_boundary.ServiceWorkerClientBoundaryInterface: android.webkit.WebResourceResponse shouldInterceptRequest(android.webkit.WebResourceRequest)
io.flutter.plugin.platform.SingleViewPresentation: SingleViewPresentation(android.content.Context,android.view.Display,io.flutter.plugin.platform.AccessibilityEventsDelegate,io.flutter.plugin.platform.SingleViewPresentation$PresentationState,android.view.View$OnFocusChangeListener,boolean)
io.flutter.embedding.engine.FlutterJNI: void dispatchSemanticsAction(int,io.flutter.view.AccessibilityBridge$Action,java.lang.Object)
androidx.lifecycle.Lifecycle$Event: androidx.lifecycle.Lifecycle$Event[] $VALUES
io.flutter.embedding.engine.FlutterJNI: void addIsDisplayingFlutterUiListener(io.flutter.embedding.engine.renderer.FlutterUiDisplayListener)
androidx.lifecycle.Lifecycle$Event: androidx.lifecycle.Lifecycle$Event ON_ANY
io.flutter.embedding.engine.mutatorsstack.FlutterMutatorsStack$FlutterMutatorType: io.flutter.embedding.engine.mutatorsstack.FlutterMutatorsStack$FlutterMutatorType valueOf(java.lang.String)
io.flutter.plugin.editing.ImeSyncDeferringInsetsCallback: void remove()
org.chromium.support_lib_boundary.WebViewClientBoundaryInterface: void onReceivedError(android.webkit.WebView,android.webkit.WebResourceRequest,java.lang.reflect.InvocationHandler)
io.flutter.embedding.engine.FlutterJNI: void init(android.content.Context,java.lang.String[],java.lang.String,java.lang.String,java.lang.String,long)
io.flutter.embedding.engine.FlutterJNI: io.flutter.plugin.localization.LocalizationPlugin localizationPlugin
io.flutter.embedding.engine.systemchannels.PlatformChannel$DeviceOrientation: io.flutter.embedding.engine.systemchannels.PlatformChannel$DeviceOrientation[] values()
org.chromium.support_lib_boundary.WebMessageCallbackBoundaryInterface
io.flutter.plugins.GeneratedPluginRegistrant
io.flutter.embedding.android.FlutterSplashView$SavedState: android.os.Bundle splashScreenState
androidx.lifecycle.LiveData$LifecycleBoundObserver
org.chromium.support_lib_boundary.SafeBrowsingResponseBoundaryInterface: void backToSafety(boolean)
io.flutter.embedding.engine.FlutterJNI: android.graphics.Bitmap nativeGetBitmap(long)
io.flutter.embedding.engine.mutatorsstack.FlutterMutatorView: void setOnDescendantFocusChangeListener(android.view.View$OnFocusChangeListener)
io.flutter.plugin.editing.ImeSyncDeferringInsetsCallback: boolean needsSave
androidx.core.graphics.drawable.IconCompatParcelizer
io.flutter.embedding.engine.systemchannels.PlatformChannel$ClipboardContentFormat: io.flutter.embedding.engine.systemchannels.PlatformChannel$ClipboardContentFormat valueOf(java.lang.String)
org.chromium.support_lib_boundary.ServiceWorkerWebSettingsBoundaryInterface: boolean getBlockNetworkLoads()
io.flutter.plugins.webviewflutter.JavaScriptChannel
org.chromium.support_lib_boundary.WebViewClientBoundaryInterface: void onReceivedHttpError(android.webkit.WebView,android.webkit.WebResourceRequest,android.webkit.WebResourceResponse)
io.flutter.view.AccessibilityViewEmbedder: java.util.Map originToFlutterId
io.flutter.embedding.android.FlutterSurfaceView
io.flutter.embedding.engine.systemchannels.PlatformChannel$Brightness: io.flutter.embedding.engine.systemchannels.PlatformChannel$Brightness[] values()
io.flutter.embedding.engine.systemchannels.PlatformChannel$SoundType: io.flutter.embedding.engine.systemchannels.PlatformChannel$SoundType valueOf(java.lang.String)
androidx.versionedparcelable.ParcelImpl
org.chromium.support_lib_boundary.SafeBrowsingResponseBoundaryInterface
io.flutter.embedding.engine.systemchannels.PlatformChannel$SystemUiOverlay: io.flutter.embedding.engine.systemchannels.PlatformChannel$SystemUiOverlay valueOf(java.lang.String)
io.flutter.embedding.engine.mutatorsstack.FlutterMutatorsStack: java.util.List mutators
io.flutter.embedding.engine.FlutterJNI: void ensureRunningOnMainThread()