build/app/outputs/mapping/release/mapping.txt
# compiler: R8
# compiler_version: 2.1.62
# min_api: 19
# pg_map_id: e681a75
# common_typos_disable
...
io.flutter.plugins.webviewflutter.FlutterCookieManager$1 -> io.flutter.plugins.a.b$a:
    io.flutter.plugin.common.MethodChannel$Result val$result -> a
    boolean val$hasCookies -> b
    void onReceiveValue(java.lang.Boolean) -> a
io.flutter.plugins.webviewflutter.FlutterDownloadListener -> io.flutter.plugins.a.c:
    io.flutter.plugins.webviewflutter.FlutterWebViewClient webViewClient -> a
    android.webkit.WebView webView -> b
    void setWebView(android.webkit.WebView) -> a
io.flutter.plugins.webviewflutter.FlutterWebView -> io.flutter.plugins.a.d:
    android.os.Handler platformThreadHandler -> d
    io.flutter.plugins.webviewflutter.FlutterWebViewClient flutterWebViewClient -> c
    android.webkit.WebView webView -> a
    io.flutter.plugin.common.MethodChannel methodChannel -> b
    void scrollBy(io.flutter.plugin.common.MethodCall,io.flutter.plugin.common.MethodChannel$Result) -> A
    void scrollTo(io.flutter.plugin.common.MethodCall,io.flutter.plugin.common.MethodChannel$Result) -> B
    void updateAutoMediaPlaybackPolicy(int) -> C
    void updateJsMode(int) -> D
    void updateSettings(io.flutter.plugin.common.MethodCall,io.flutter.plugin.common.MethodChannel$Result) -> E
    void updateUserAgent(java.lang.String) -> F
    void onInputConnectionUnlocked() -> a
    void onInputConnectionLocked() -> b
    void dispose() -> c
    void onFlutterViewAttached(android.view.View) -> d
    void onFlutterViewDetached() -> e
    void onMethodCall(io.flutter.plugin.common.MethodCall,io.flutter.plugin.common.MethodChannel$Result) -> f
    android.view.View getView() -> g
    android.webkit.WebView access$000(io.flutter.plugins.webviewflutter.FlutterWebView) -> h
    io.flutter.plugins.webviewflutter.FlutterWebViewClient access$100(io.flutter.plugins.webviewflutter.FlutterWebView) -> i
    void addJavaScriptChannels(io.flutter.plugin.common.MethodCall,io.flutter.plugin.common.MethodChannel$Result) -> j
    void applySettings(java.util.Map) -> k
io.flutter.plugins.webviewflutter.FlutterWebView$1 -> io.flutter.plugins.a.d$a:
    io.flutter.plugin.common.MethodChannel$Result val$result -> a
    void onReceiveValue(java.lang.String) -> a
io.flutter.plugins.webviewflutter.FlutterWebView$FlutterWebChromeClient -> io.flutter.plugins.a.d$b:
    io.flutter.plugins.webviewflutter.FlutterWebView this$0 -> a
io.flutter.plugins.webviewflutter.FlutterWebView$FlutterWebChromeClient$1 -> io.flutter.plugins.a.d$b$a:
    io.flutter.plugins.webviewflutter.FlutterWebView$FlutterWebChromeClient this$1 -> a
io.flutter.plugins.webviewflutter.FlutterWebViewClient -> io.flutter.plugins.a.e:
    boolean hasNavigationDelegate -> b
    io.flutter.plugin.common.MethodChannel methodChannel -> a
    boolean hasProgressTracking -> c
    void access$100(io.flutter.plugins.webviewflutter.FlutterWebViewClient,android.webkit.WebView,java.lang.String) -> a
    void access$200(io.flutter.plugins.webviewflutter.FlutterWebViewClient,android.webkit.WebView,java.lang.String) -> b
    void access$300(io.flutter.plugins.webviewflutter.FlutterWebViewClient,int,java.lang.String,java.lang.String) -> c
    android.webkit.WebViewClient createWebViewClient(boolean) -> d
    java.lang.String errorCodeToString(int) -> e
    android.webkit.WebViewClient internalCreateWebViewClient() -> f
    androidx.webkit.WebViewClientCompat internalCreateWebViewClientCompat() -> g
    boolean notifyDownload(android.webkit.WebView,java.lang.String) -> h
    void notifyOnNavigationRequest(java.lang.String,java.util.Map,android.webkit.WebView,boolean) -> i
    void onLoadingProgress(int) -> j
    void onPageFinished(android.webkit.WebView,java.lang.String) -> k
    void onPageStarted(android.webkit.WebView,java.lang.String) -> l
    void onWebResourceError(int,java.lang.String,java.lang.String) -> m
    boolean shouldOverrideUrlLoading(android.webkit.WebView,android.webkit.WebResourceRequest) -> n
    boolean shouldOverrideUrlLoading(android.webkit.WebView,java.lang.String) -> o