build/app/outputs/mapping/release/usage.txt
com.cterp.cterp.R$integer
com.cterp.cterp.R$drawable
com.cterp.cterp.R$attr
com.cterp.cterp.R$mipmap
com.cterp.cterp.BuildConfig
com.cterp.cterp.R
com.cterp.cterp.R$string
com.cterp.cterp.R$style
com.cterp.cterp.R$layout
com.cterp.cterp.R$styleable
com.cterp.cterp.R$id
com.cterp.cterp.R$dimen
com.cterp.cterp.R$color
...
androidx.savedstate.SavedStateRegistry:
    void <init>()
    public void registerSavedStateProvider(java.lang.String,androidx.savedstate.SavedStateRegistry$SavedStateProvider)
    public void unregisterSavedStateProvider(java.lang.String)
    public boolean isRestored()
    public void runOnNextRecreation(java.lang.Class)
    void performRestore(androidx.lifecycle.Lifecycle,android.os.Bundle)
    void performSave(android.os.Bundle)
    private androidx.arch.core.internal.SafeIterableMap mComponents
    private android.os.Bundle mRestoredState
    private boolean mRestored
    private androidx.savedstate.Recreator$SavedStateProvider mRecreatorProvider
    private static final java.lang.String SAVED_COMPONENTS_KEY
androidx.lifecycle.LiveData$1
androidx.versionedparcelable.VersionedParcelize
androidx.fragment.app.FragmentTransitionCompat21$3
androidx.lifecycle.DefaultLifecycleObserver
androidx.webkit.internal.VisualStateCallbackAdapter
io.flutter.embedding.engine.loader.ResourceExtractor$ExtractTask
io.flutter.embedding.android.FlutterTextureView:
    private static final java.lang.String TAG
androidx.loader.content.ModernAsyncTask$Status
androidx.core.view.ViewCompat
androidx.core.text.PrecomputedTextCompat$Params
androidx.lifecycle.ViewModelProvider$NewInstanceFactory
io.flutter.embedding.engine.plugins.shim.ShimPluginRegistry$1
androidx.fragment.app.FragmentManagerImpl$FragmentTag
androidx.lifecycle.ComputableLiveData
androidx.lifecycle.ViewModelProvider
androidx.core.os.CancellationSignal
androidx.core.app.NotificationCompat$BadgeIconType
androidx.core.text.TextDirectionHeuristicsCompat$FirstStrong
androidx.core.app.NotificationCompat$GroupAlertBehavior
androidx.core.graphics.drawable.RoundedBitmapDrawableFactory$DefaultRoundedBitmapDrawable
androidx.core.view.NestedScrollingParent2
androidx.loader.app.LoaderManagerImpl
androidx.loader.app.LoaderManager
androidx.activity.R$style
androidx.fragment.app.FragmentTransition$4
androidx.core.provider.SelfDestructiveThread$2
androidx.fragment.app.FragmentState
androidx.loader.R$integer
androidx.core.app.JobIntentService$CommandProcessor
androidx.core.graphics.TypefaceCompatApi26Impl
androidx.core.view.DragStartHelper$2
android.support.v4.os.IResultReceiver$Stub
androidx.arch.core.util.Function
android.support.v4.app.INotificationSideChannel$Stub$Proxy
io.flutter.view.FlutterNativeView$1
io.flutter.view.FlutterView$ViewportMetrics
androidx.core.provider.FontsContractCompat$5
androidx.core.view.ViewCompat$1
androidx.core.view.inputmethod.InputContentInfoCompat$InputContentInfoCompatImpl
androidx.lifecycle.MediatorLiveData
androidx.annotation.RequiresPermission$Write